The system is: Darwin - 20.3.0 - x86_64
Compiling the C compiler identification source file "CMakeCCompilerId.c" succeeded.
Compiler: /Applications/Xcode.app/Contents/Developer/Toolchains/XcodeDefault.xctoolchain/usr/bin/cc 
Build flags: 
Id flags: -c 

The output was:
0


Compilation of the C compiler identification source "CMakeCCompilerId.c" produced "CMakeCCompilerId.o"

The C compiler identification is AppleClang, found in "/Users/adamspindler/Developer/DeepLearningSecurity/Project/crypto_implementations/virgil-crypto-c/CMakeFiles/3.13.2/CompilerIdC/CMakeCCompilerId.o"

Determining if the C compiler works passed with the following output:
Change Dir: /Users/adamspindler/Developer/DeepLearningSecurity/Project/crypto_implementations/virgil-crypto-c/CMakeFiles/CMakeTmp

Run Build Command:"/usr/bin/make" "cmTC_471ca/fast"
/Applications/Xcode.app/Contents/Developer/usr/bin/make -f CMakeFiles/cmTC_471ca.dir/build.make CMakeFiles/cmTC_471ca.dir/build
Building C object CMakeFiles/cmTC_471ca.dir/testCCompiler.c.o
/Applications/Xcode.app/Contents/Developer/Toolchains/XcodeDefault.xctoolchain/usr/bin/cc   -isysroot /Applications/Xcode.app/Contents/Developer/Platforms/MacOSX.platform/Developer/SDKs/MacOSX11.1.sdk   -o CMakeFiles/cmTC_471ca.dir/testCCompiler.c.o   -c /Users/adamspindler/Developer/DeepLearningSecurity/Project/crypto_implementations/virgil-crypto-c/CMakeFiles/CMakeTmp/testCCompiler.c
Linking C executable cmTC_471ca
/usr/local/Cellar/cmake/3.13.2/bin/cmake -E cmake_link_script CMakeFiles/cmTC_471ca.dir/link.txt --verbose=1
/Applications/Xcode.app/Contents/Developer/Toolchains/XcodeDefault.xctoolchain/usr/bin/cc   -isysroot /Applications/Xcode.app/Contents/Developer/Platforms/MacOSX.platform/Developer/SDKs/MacOSX11.1.sdk -Wl,-search_paths_first -Wl,-headerpad_max_install_names   CMakeFiles/cmTC_471ca.dir/testCCompiler.c.o  -o cmTC_471ca 


Detecting C compiler ABI info compiled with the following output:
Change Dir: /Users/adamspindler/Developer/DeepLearningSecurity/Project/crypto_implementations/virgil-crypto-c/CMakeFiles/CMakeTmp

Run Build Command:"/usr/bin/make" "cmTC_5571e/fast"
/Applications/Xcode.app/Contents/Developer/usr/bin/make -f CMakeFiles/cmTC_5571e.dir/build.make CMakeFiles/cmTC_5571e.dir/build
Building C object CMakeFiles/cmTC_5571e.dir/CMakeCCompilerABI.c.o
/Applications/Xcode.app/Contents/Developer/Toolchains/XcodeDefault.xctoolchain/usr/bin/cc   -isysroot /Applications/Xcode.app/Contents/Developer/Platforms/MacOSX.platform/Developer/SDKs/MacOSX11.1.sdk   -o CMakeFiles/cmTC_5571e.dir/CMakeCCompilerABI.c.o   -c /usr/local/Cellar/cmake/3.13.2/share/cmake/Modules/CMakeCCompilerABI.c
Linking C executable cmTC_5571e
/usr/local/Cellar/cmake/3.13.2/bin/cmake -E cmake_link_script CMakeFiles/cmTC_5571e.dir/link.txt --verbose=1
/Applications/Xcode.app/Contents/Developer/Toolchains/XcodeDefault.xctoolchain/usr/bin/cc   -isysroot /Applications/Xcode.app/Contents/Developer/Platforms/MacOSX.platform/Developer/SDKs/MacOSX11.1.sdk -Wl,-search_paths_first -Wl,-headerpad_max_install_names  -v -Wl,-v CMakeFiles/cmTC_5571e.dir/CMakeCCompilerABI.c.o  -o cmTC_5571e 
Apple clang version 12.0.0 (clang-1200.0.32.29)
Target: x86_64-apple-darwin20.3.0
Thread model: posix
InstalledDir: /Applications/Xcode.app/Contents/Developer/Toolchains/XcodeDefault.xctoolchain/usr/bin
 "/Applications/Xcode.app/Contents/Developer/Toolchains/XcodeDefault.xctoolchain/usr/bin/ld" -demangle -lto_library /Applications/Xcode.app/Contents/Developer/Toolchains/XcodeDefault.xctoolchain/usr/lib/libLTO.dylib -dynamic -arch x86_64 -platform_version macos 11.0.0 11.1 -syslibroot /Applications/Xcode.app/Contents/Developer/Platforms/MacOSX.platform/Developer/SDKs/MacOSX11.1.sdk -o cmTC_5571e -search_paths_first -headerpad_max_install_names -v CMakeFiles/cmTC_5571e.dir/CMakeCCompilerABI.c.o -lSystem /Applications/Xcode.app/Contents/Developer/Toolchains/XcodeDefault.xctoolchain/usr/lib/clang/12.0.0/lib/darwin/libclang_rt.osx.a
@(#)PROGRAM:ld  PROJECT:ld64-609.8
BUILD 15:07:46 Dec 18 2020
configured to support archs: armv6 armv7 armv7s arm64 arm64e arm64_32 i386 x86_64 x86_64h armv6m armv7k armv7m armv7em
Library search paths:
	/Applications/Xcode.app/Contents/Developer/Platforms/MacOSX.platform/Developer/SDKs/MacOSX11.1.sdk/usr/lib
Framework search paths:
	/Applications/Xcode.app/Contents/Developer/Platforms/MacOSX.platform/Developer/SDKs/MacOSX11.1.sdk/System/Library/Frameworks/


Parsed C implicit link information from above output:
  link line regex: [^( *|.*[/\])(ld|CMAKE_LINK_STARTFILE-NOTFOUND|([^/\]+-)?ld|collect2)[^/\]*( |$)]
  ignore line: [Change Dir: /Users/adamspindler/Developer/DeepLearningSecurity/Project/crypto_implementations/virgil-crypto-c/CMakeFiles/CMakeTmp]
  ignore line: []
  ignore line: [Run Build Command:"/usr/bin/make" "cmTC_5571e/fast"]
  ignore line: [/Applications/Xcode.app/Contents/Developer/usr/bin/make -f CMakeFiles/cmTC_5571e.dir/build.make CMakeFiles/cmTC_5571e.dir/build]
  ignore line: [Building C object CMakeFiles/cmTC_5571e.dir/CMakeCCompilerABI.c.o]
  ignore line: [/Applications/Xcode.app/Contents/Developer/Toolchains/XcodeDefault.xctoolchain/usr/bin/cc   -isysroot /Applications/Xcode.app/Contents/Developer/Platforms/MacOSX.platform/Developer/SDKs/MacOSX11.1.sdk   -o CMakeFiles/cmTC_5571e.dir/CMakeCCompilerABI.c.o   -c /usr/local/Cellar/cmake/3.13.2/share/cmake/Modules/CMakeCCompilerABI.c]
  ignore line: [Linking C executable cmTC_5571e]
  ignore line: [/usr/local/Cellar/cmake/3.13.2/bin/cmake -E cmake_link_script CMakeFiles/cmTC_5571e.dir/link.txt --verbose=1]
  ignore line: [/Applications/Xcode.app/Contents/Developer/Toolchains/XcodeDefault.xctoolchain/usr/bin/cc   -isysroot /Applications/Xcode.app/Contents/Developer/Platforms/MacOSX.platform/Developer/SDKs/MacOSX11.1.sdk -Wl,-search_paths_first -Wl,-headerpad_max_install_names  -v -Wl,-v CMakeFiles/cmTC_5571e.dir/CMakeCCompilerABI.c.o  -o cmTC_5571e ]
  ignore line: [Apple clang version 12.0.0 (clang-1200.0.32.29)]
  ignore line: [Target: x86_64-apple-darwin20.3.0]
  ignore line: [Thread model: posix]
  ignore line: [InstalledDir: /Applications/Xcode.app/Contents/Developer/Toolchains/XcodeDefault.xctoolchain/usr/bin]
  link line: [ "/Applications/Xcode.app/Contents/Developer/Toolchains/XcodeDefault.xctoolchain/usr/bin/ld" -demangle -lto_library /Applications/Xcode.app/Contents/Developer/Toolchains/XcodeDefault.xctoolchain/usr/lib/libLTO.dylib -dynamic -arch x86_64 -platform_version macos 11.0.0 11.1 -syslibroot /Applications/Xcode.app/Contents/Developer/Platforms/MacOSX.platform/Developer/SDKs/MacOSX11.1.sdk -o cmTC_5571e -search_paths_first -headerpad_max_install_names -v CMakeFiles/cmTC_5571e.dir/CMakeCCompilerABI.c.o -lSystem /Applications/Xcode.app/Contents/Developer/Toolchains/XcodeDefault.xctoolchain/usr/lib/clang/12.0.0/lib/darwin/libclang_rt.osx.a]
    arg [/Applications/Xcode.app/Contents/Developer/Toolchains/XcodeDefault.xctoolchain/usr/bin/ld] ==> ignore
    arg [-demangle] ==> ignore
    arg [-lto_library] ==> ignore, skip following value
    arg [/Applications/Xcode.app/Contents/Developer/Toolchains/XcodeDefault.xctoolchain/usr/lib/libLTO.dylib] ==> skip value of -lto_library
    arg [-dynamic] ==> ignore
    arg [-arch] ==> ignore
    arg [x86_64] ==> ignore
    arg [-platform_version] ==> ignore
    arg [macos] ==> ignore
    arg [11.0.0] ==> ignore
    arg [11.1] ==> ignore
    arg [-syslibroot] ==> ignore
    arg [/Applications/Xcode.app/Contents/Developer/Platforms/MacOSX.platform/Developer/SDKs/MacOSX11.1.sdk] ==> ignore
    arg [-o] ==> ignore
    arg [cmTC_5571e] ==> ignore
    arg [-search_paths_first] ==> ignore
    arg [-headerpad_max_install_names] ==> ignore
    arg [-v] ==> ignore
    arg [CMakeFiles/cmTC_5571e.dir/CMakeCCompilerABI.c.o] ==> ignore
    arg [-lSystem] ==> lib [System]
    arg [/Applications/Xcode.app/Contents/Developer/Toolchains/XcodeDefault.xctoolchain/usr/lib/clang/12.0.0/lib/darwin/libclang_rt.osx.a] ==> lib [/Applications/Xcode.app/Contents/Developer/Toolchains/XcodeDefault.xctoolchain/usr/lib/clang/12.0.0/lib/darwin/libclang_rt.osx.a]
  Library search paths: [;/Applications/Xcode.app/Contents/Developer/Platforms/MacOSX.platform/Developer/SDKs/MacOSX11.1.sdk/usr/lib]
  Framework search paths: [;/Applications/Xcode.app/Contents/Developer/Platforms/MacOSX.platform/Developer/SDKs/MacOSX11.1.sdk/System/Library/Frameworks/]
  remove lib [System]
  remove lib [/Applications/Xcode.app/Contents/Developer/Toolchains/XcodeDefault.xctoolchain/usr/lib/clang/12.0.0/lib/darwin/libclang_rt.osx.a]
  collapse library dir [/Applications/Xcode.app/Contents/Developer/Platforms/MacOSX.platform/Developer/SDKs/MacOSX11.1.sdk/usr/lib] ==> [/Applications/Xcode.app/Contents/Developer/Platforms/MacOSX.platform/Developer/SDKs/MacOSX11.1.sdk/usr/lib]
  collapse framework dir [/Applications/Xcode.app/Contents/Developer/Platforms/MacOSX.platform/Developer/SDKs/MacOSX11.1.sdk/System/Library/Frameworks/] ==> [/Applications/Xcode.app/Contents/Developer/Platforms/MacOSX.platform/Developer/SDKs/MacOSX11.1.sdk/System/Library/Frameworks]
  implicit libs: []
  implicit dirs: [/Applications/Xcode.app/Contents/Developer/Platforms/MacOSX.platform/Developer/SDKs/MacOSX11.1.sdk/usr/lib]
  implicit fwks: [/Applications/Xcode.app/Contents/Developer/Platforms/MacOSX.platform/Developer/SDKs/MacOSX11.1.sdk/System/Library/Frameworks]




Detecting C [-std=c11] compiler features compiled with the following output:
Change Dir: /Users/adamspindler/Developer/DeepLearningSecurity/Project/crypto_implementations/virgil-crypto-c/CMakeFiles/CMakeTmp

Run Build Command:"/usr/bin/make" "cmTC_84c35/fast"
/Applications/Xcode.app/Contents/Developer/usr/bin/make -f CMakeFiles/cmTC_84c35.dir/build.make CMakeFiles/cmTC_84c35.dir/build
Building C object CMakeFiles/cmTC_84c35.dir/feature_tests.c.o
/Applications/Xcode.app/Contents/Developer/Toolchains/XcodeDefault.xctoolchain/usr/bin/cc   -isysroot /Applications/Xcode.app/Contents/Developer/Platforms/MacOSX.platform/Developer/SDKs/MacOSX11.1.sdk   -std=c11 -o CMakeFiles/cmTC_84c35.dir/feature_tests.c.o   -c /Users/adamspindler/Developer/DeepLearningSecurity/Project/crypto_implementations/virgil-crypto-c/CMakeFiles/feature_tests.c
Linking C executable cmTC_84c35
/usr/local/Cellar/cmake/3.13.2/bin/cmake -E cmake_link_script CMakeFiles/cmTC_84c35.dir/link.txt --verbose=1
/Applications/Xcode.app/Contents/Developer/Toolchains/XcodeDefault.xctoolchain/usr/bin/cc   -isysroot /Applications/Xcode.app/Contents/Developer/Platforms/MacOSX.platform/Developer/SDKs/MacOSX11.1.sdk -Wl,-search_paths_first -Wl,-headerpad_max_install_names   CMakeFiles/cmTC_84c35.dir/feature_tests.c.o  -o cmTC_84c35 


    Feature record: C_FEATURE:1c_function_prototypes
    Feature record: C_FEATURE:1c_restrict
    Feature record: C_FEATURE:1c_static_assert
    Feature record: C_FEATURE:1c_variadic_macros


Detecting C [-std=c99] compiler features compiled with the following output:
Change Dir: /Users/adamspindler/Developer/DeepLearningSecurity/Project/crypto_implementations/virgil-crypto-c/CMakeFiles/CMakeTmp

Run Build Command:"/usr/bin/make" "cmTC_565cc/fast"
/Applications/Xcode.app/Contents/Developer/usr/bin/make -f CMakeFiles/cmTC_565cc.dir/build.make CMakeFiles/cmTC_565cc.dir/build
Building C object CMakeFiles/cmTC_565cc.dir/feature_tests.c.o
/Applications/Xcode.app/Contents/Developer/Toolchains/XcodeDefault.xctoolchain/usr/bin/cc   -isysroot /Applications/Xcode.app/Contents/Developer/Platforms/MacOSX.platform/Developer/SDKs/MacOSX11.1.sdk   -std=c99 -o CMakeFiles/cmTC_565cc.dir/feature_tests.c.o   -c /Users/adamspindler/Developer/DeepLearningSecurity/Project/crypto_implementations/virgil-crypto-c/CMakeFiles/feature_tests.c
Linking C executable cmTC_565cc
/usr/local/Cellar/cmake/3.13.2/bin/cmake -E cmake_link_script CMakeFiles/cmTC_565cc.dir/link.txt --verbose=1
/Applications/Xcode.app/Contents/Developer/Toolchains/XcodeDefault.xctoolchain/usr/bin/cc   -isysroot /Applications/Xcode.app/Contents/Developer/Platforms/MacOSX.platform/Developer/SDKs/MacOSX11.1.sdk -Wl,-search_paths_first -Wl,-headerpad_max_install_names   CMakeFiles/cmTC_565cc.dir/feature_tests.c.o  -o cmTC_565cc 


    Feature record: C_FEATURE:1c_function_prototypes
    Feature record: C_FEATURE:1c_restrict
    Feature record: C_FEATURE:0c_static_assert
    Feature record: C_FEATURE:1c_variadic_macros


Detecting C [-std=c90] compiler features compiled with the following output:
Change Dir: /Users/adamspindler/Developer/DeepLearningSecurity/Project/crypto_implementations/virgil-crypto-c/CMakeFiles/CMakeTmp

Run Build Command:"/usr/bin/make" "cmTC_40cb5/fast"
/Applications/Xcode.app/Contents/Developer/usr/bin/make -f CMakeFiles/cmTC_40cb5.dir/build.make CMakeFiles/cmTC_40cb5.dir/build
Building C object CMakeFiles/cmTC_40cb5.dir/feature_tests.c.o
/Applications/Xcode.app/Contents/Developer/Toolchains/XcodeDefault.xctoolchain/usr/bin/cc   -isysroot /Applications/Xcode.app/Contents/Developer/Platforms/MacOSX.platform/Developer/SDKs/MacOSX11.1.sdk   -std=c90 -o CMakeFiles/cmTC_40cb5.dir/feature_tests.c.o   -c /Users/adamspindler/Developer/DeepLearningSecurity/Project/crypto_implementations/virgil-crypto-c/CMakeFiles/feature_tests.c
Linking C executable cmTC_40cb5
/usr/local/Cellar/cmake/3.13.2/bin/cmake -E cmake_link_script CMakeFiles/cmTC_40cb5.dir/link.txt --verbose=1
/Applications/Xcode.app/Contents/Developer/Toolchains/XcodeDefault.xctoolchain/usr/bin/cc   -isysroot /Applications/Xcode.app/Contents/Developer/Platforms/MacOSX.platform/Developer/SDKs/MacOSX11.1.sdk -Wl,-search_paths_first -Wl,-headerpad_max_install_names   CMakeFiles/cmTC_40cb5.dir/feature_tests.c.o  -o cmTC_40cb5 


    Feature record: C_FEATURE:1c_function_prototypes
    Feature record: C_FEATURE:0c_restrict
    Feature record: C_FEATURE:0c_static_assert
    Feature record: C_FEATURE:0c_variadic_macros
Determining if files assert.h exist passed with the following output:
Change Dir: /Users/adamspindler/Developer/DeepLearningSecurity/Project/crypto_implementations/virgil-crypto-c/CMakeFiles/CMakeTmp

Run Build Command:"/usr/bin/make" "cmTC_d5a85/fast"
/Applications/Xcode.app/Contents/Developer/usr/bin/make -f CMakeFiles/cmTC_d5a85.dir/build.make CMakeFiles/cmTC_d5a85.dir/build
Building C object CMakeFiles/cmTC_d5a85.dir/VSC_HAVE_ASSERT_H.c.o
/Applications/Xcode.app/Contents/Developer/Toolchains/XcodeDefault.xctoolchain/usr/bin/cc   -isysroot /Applications/Xcode.app/Contents/Developer/Platforms/MacOSX.platform/Developer/SDKs/MacOSX11.1.sdk -fPIE   -o CMakeFiles/cmTC_d5a85.dir/VSC_HAVE_ASSERT_H.c.o   -c /Users/adamspindler/Developer/DeepLearningSecurity/Project/crypto_implementations/virgil-crypto-c/CMakeFiles/CheckIncludeFiles/VSC_HAVE_ASSERT_H.c
Linking C executable cmTC_d5a85
/usr/local/Cellar/cmake/3.13.2/bin/cmake -E cmake_link_script CMakeFiles/cmTC_d5a85.dir/link.txt --verbose=1
/Applications/Xcode.app/Contents/Developer/Toolchains/XcodeDefault.xctoolchain/usr/bin/cc   -isysroot /Applications/Xcode.app/Contents/Developer/Platforms/MacOSX.platform/Developer/SDKs/MacOSX11.1.sdk -Wl,-search_paths_first -Wl,-headerpad_max_install_names   CMakeFiles/cmTC_d5a85.dir/VSC_HAVE_ASSERT_H.c.o  -o cmTC_d5a85 


Determining if files stdatomic.h exist passed with the following output:
Change Dir: /Users/adamspindler/Developer/DeepLearningSecurity/Project/crypto_implementations/virgil-crypto-c/CMakeFiles/CMakeTmp

Run Build Command:"/usr/bin/make" "cmTC_61633/fast"
/Applications/Xcode.app/Contents/Developer/usr/bin/make -f CMakeFiles/cmTC_61633.dir/build.make CMakeFiles/cmTC_61633.dir/build
Building C object CMakeFiles/cmTC_61633.dir/VSC_HAVE_STDATOMIC_H.c.o
/Applications/Xcode.app/Contents/Developer/Toolchains/XcodeDefault.xctoolchain/usr/bin/cc   -isysroot /Applications/Xcode.app/Contents/Developer/Platforms/MacOSX.platform/Developer/SDKs/MacOSX11.1.sdk -fPIE   -o CMakeFiles/cmTC_61633.dir/VSC_HAVE_STDATOMIC_H.c.o   -c /Users/adamspindler/Developer/DeepLearningSecurity/Project/crypto_implementations/virgil-crypto-c/CMakeFiles/CheckIncludeFiles/VSC_HAVE_STDATOMIC_H.c
Linking C executable cmTC_61633
/usr/local/Cellar/cmake/3.13.2/bin/cmake -E cmake_link_script CMakeFiles/cmTC_61633.dir/link.txt --verbose=1
/Applications/Xcode.app/Contents/Developer/Toolchains/XcodeDefault.xctoolchain/usr/bin/cc   -isysroot /Applications/Xcode.app/Contents/Developer/Platforms/MacOSX.platform/Developer/SDKs/MacOSX11.1.sdk -Wl,-search_paths_first -Wl,-headerpad_max_install_names   CMakeFiles/cmTC_61633.dir/VSC_HAVE_STDATOMIC_H.c.o  -o cmTC_61633 


Determining if files assert.h exist passed with the following output:
Change Dir: /Users/adamspindler/Developer/DeepLearningSecurity/Project/crypto_implementations/virgil-crypto-c/CMakeFiles/CMakeTmp

Run Build Command:"/usr/bin/make" "cmTC_5e5d1/fast"
/Applications/Xcode.app/Contents/Developer/usr/bin/make -f CMakeFiles/cmTC_5e5d1.dir/build.make CMakeFiles/cmTC_5e5d1.dir/build
Building C object CMakeFiles/cmTC_5e5d1.dir/VSCF_HAVE_ASSERT_H.c.o
/Applications/Xcode.app/Contents/Developer/Toolchains/XcodeDefault.xctoolchain/usr/bin/cc   -isysroot /Applications/Xcode.app/Contents/Developer/Platforms/MacOSX.platform/Developer/SDKs/MacOSX11.1.sdk -fPIE   -o CMakeFiles/cmTC_5e5d1.dir/VSCF_HAVE_ASSERT_H.c.o   -c /Users/adamspindler/Developer/DeepLearningSecurity/Project/crypto_implementations/virgil-crypto-c/CMakeFiles/CheckIncludeFiles/VSCF_HAVE_ASSERT_H.c
Linking C executable cmTC_5e5d1
/usr/local/Cellar/cmake/3.13.2/bin/cmake -E cmake_link_script CMakeFiles/cmTC_5e5d1.dir/link.txt --verbose=1
/Applications/Xcode.app/Contents/Developer/Toolchains/XcodeDefault.xctoolchain/usr/bin/cc   -isysroot /Applications/Xcode.app/Contents/Developer/Platforms/MacOSX.platform/Developer/SDKs/MacOSX11.1.sdk -Wl,-search_paths_first -Wl,-headerpad_max_install_names   CMakeFiles/cmTC_5e5d1.dir/VSCF_HAVE_ASSERT_H.c.o  -o cmTC_5e5d1 


Determining if files stdatomic.h exist passed with the following output:
Change Dir: /Users/adamspindler/Developer/DeepLearningSecurity/Project/crypto_implementations/virgil-crypto-c/CMakeFiles/CMakeTmp

Run Build Command:"/usr/bin/make" "cmTC_3fd78/fast"
/Applications/Xcode.app/Contents/Developer/usr/bin/make -f CMakeFiles/cmTC_3fd78.dir/build.make CMakeFiles/cmTC_3fd78.dir/build
Building C object CMakeFiles/cmTC_3fd78.dir/VSCF_HAVE_STDATOMIC_H.c.o
/Applications/Xcode.app/Contents/Developer/Toolchains/XcodeDefault.xctoolchain/usr/bin/cc   -isysroot /Applications/Xcode.app/Contents/Developer/Platforms/MacOSX.platform/Developer/SDKs/MacOSX11.1.sdk -fPIE   -o CMakeFiles/cmTC_3fd78.dir/VSCF_HAVE_STDATOMIC_H.c.o   -c /Users/adamspindler/Developer/DeepLearningSecurity/Project/crypto_implementations/virgil-crypto-c/CMakeFiles/CheckIncludeFiles/VSCF_HAVE_STDATOMIC_H.c
Linking C executable cmTC_3fd78
/usr/local/Cellar/cmake/3.13.2/bin/cmake -E cmake_link_script CMakeFiles/cmTC_3fd78.dir/link.txt --verbose=1
/Applications/Xcode.app/Contents/Developer/Toolchains/XcodeDefault.xctoolchain/usr/bin/cc   -isysroot /Applications/Xcode.app/Contents/Developer/Platforms/MacOSX.platform/Developer/SDKs/MacOSX11.1.sdk -Wl,-search_paths_first -Wl,-headerpad_max_install_names   CMakeFiles/cmTC_3fd78.dir/VSCF_HAVE_STDATOMIC_H.c.o  -o cmTC_3fd78 


Determining if files assert.h exist passed with the following output:
Change Dir: /Users/adamspindler/Developer/DeepLearningSecurity/Project/crypto_implementations/virgil-crypto-c/CMakeFiles/CMakeTmp

Run Build Command:"/usr/bin/make" "cmTC_f9782/fast"
/Applications/Xcode.app/Contents/Developer/usr/bin/make -f CMakeFiles/cmTC_f9782.dir/build.make CMakeFiles/cmTC_f9782.dir/build
Building C object CMakeFiles/cmTC_f9782.dir/VSCP_HAVE_ASSERT_H.c.o
/Applications/Xcode.app/Contents/Developer/Toolchains/XcodeDefault.xctoolchain/usr/bin/cc   -isysroot /Applications/Xcode.app/Contents/Developer/Platforms/MacOSX.platform/Developer/SDKs/MacOSX11.1.sdk -fPIE   -o CMakeFiles/cmTC_f9782.dir/VSCP_HAVE_ASSERT_H.c.o   -c /Users/adamspindler/Developer/DeepLearningSecurity/Project/crypto_implementations/virgil-crypto-c/CMakeFiles/CheckIncludeFiles/VSCP_HAVE_ASSERT_H.c
Linking C executable cmTC_f9782
/usr/local/Cellar/cmake/3.13.2/bin/cmake -E cmake_link_script CMakeFiles/cmTC_f9782.dir/link.txt --verbose=1
/Applications/Xcode.app/Contents/Developer/Toolchains/XcodeDefault.xctoolchain/usr/bin/cc   -isysroot /Applications/Xcode.app/Contents/Developer/Platforms/MacOSX.platform/Developer/SDKs/MacOSX11.1.sdk -Wl,-search_paths_first -Wl,-headerpad_max_install_names   CMakeFiles/cmTC_f9782.dir/VSCP_HAVE_ASSERT_H.c.o  -o cmTC_f9782 


Determining if files stdatomic.h exist passed with the following output:
Change Dir: /Users/adamspindler/Developer/DeepLearningSecurity/Project/crypto_implementations/virgil-crypto-c/CMakeFiles/CMakeTmp

Run Build Command:"/usr/bin/make" "cmTC_02c64/fast"
/Applications/Xcode.app/Contents/Developer/usr/bin/make -f CMakeFiles/cmTC_02c64.dir/build.make CMakeFiles/cmTC_02c64.dir/build
Building C object CMakeFiles/cmTC_02c64.dir/VSCP_HAVE_STDATOMIC_H.c.o
/Applications/Xcode.app/Contents/Developer/Toolchains/XcodeDefault.xctoolchain/usr/bin/cc   -isysroot /Applications/Xcode.app/Contents/Developer/Platforms/MacOSX.platform/Developer/SDKs/MacOSX11.1.sdk -fPIE   -o CMakeFiles/cmTC_02c64.dir/VSCP_HAVE_STDATOMIC_H.c.o   -c /Users/adamspindler/Developer/DeepLearningSecurity/Project/crypto_implementations/virgil-crypto-c/CMakeFiles/CheckIncludeFiles/VSCP_HAVE_STDATOMIC_H.c
Linking C executable cmTC_02c64
/usr/local/Cellar/cmake/3.13.2/bin/cmake -E cmake_link_script CMakeFiles/cmTC_02c64.dir/link.txt --verbose=1
/Applications/Xcode.app/Contents/Developer/Toolchains/XcodeDefault.xctoolchain/usr/bin/cc   -isysroot /Applications/Xcode.app/Contents/Developer/Platforms/MacOSX.platform/Developer/SDKs/MacOSX11.1.sdk -Wl,-search_paths_first -Wl,-headerpad_max_install_names   CMakeFiles/cmTC_02c64.dir/VSCP_HAVE_STDATOMIC_H.c.o  -o cmTC_02c64 


Determining if files assert.h exist passed with the following output:
Change Dir: /Users/adamspindler/Developer/DeepLearningSecurity/Project/crypto_implementations/virgil-crypto-c/CMakeFiles/CMakeTmp

Run Build Command:"/usr/bin/make" "cmTC_c1418/fast"
/Applications/Xcode.app/Contents/Developer/usr/bin/make -f CMakeFiles/cmTC_c1418.dir/build.make CMakeFiles/cmTC_c1418.dir/build
Building C object CMakeFiles/cmTC_c1418.dir/VSCR_HAVE_ASSERT_H.c.o
/Applications/Xcode.app/Contents/Developer/Toolchains/XcodeDefault.xctoolchain/usr/bin/cc   -isysroot /Applications/Xcode.app/Contents/Developer/Platforms/MacOSX.platform/Developer/SDKs/MacOSX11.1.sdk -fPIE   -o CMakeFiles/cmTC_c1418.dir/VSCR_HAVE_ASSERT_H.c.o   -c /Users/adamspindler/Developer/DeepLearningSecurity/Project/crypto_implementations/virgil-crypto-c/CMakeFiles/CheckIncludeFiles/VSCR_HAVE_ASSERT_H.c
Linking C executable cmTC_c1418
/usr/local/Cellar/cmake/3.13.2/bin/cmake -E cmake_link_script CMakeFiles/cmTC_c1418.dir/link.txt --verbose=1
/Applications/Xcode.app/Contents/Developer/Toolchains/XcodeDefault.xctoolchain/usr/bin/cc   -isysroot /Applications/Xcode.app/Contents/Developer/Platforms/MacOSX.platform/Developer/SDKs/MacOSX11.1.sdk -Wl,-search_paths_first -Wl,-headerpad_max_install_names   CMakeFiles/cmTC_c1418.dir/VSCR_HAVE_ASSERT_H.c.o  -o cmTC_c1418 


Determining if files stdatomic.h exist passed with the following output:
Change Dir: /Users/adamspindler/Developer/DeepLearningSecurity/Project/crypto_implementations/virgil-crypto-c/CMakeFiles/CMakeTmp

Run Build Command:"/usr/bin/make" "cmTC_f075c/fast"
/Applications/Xcode.app/Contents/Developer/usr/bin/make -f CMakeFiles/cmTC_f075c.dir/build.make CMakeFiles/cmTC_f075c.dir/build
Building C object CMakeFiles/cmTC_f075c.dir/VSCR_HAVE_STDATOMIC_H.c.o
/Applications/Xcode.app/Contents/Developer/Toolchains/XcodeDefault.xctoolchain/usr/bin/cc   -isysroot /Applications/Xcode.app/Contents/Developer/Platforms/MacOSX.platform/Developer/SDKs/MacOSX11.1.sdk -fPIE   -o CMakeFiles/cmTC_f075c.dir/VSCR_HAVE_STDATOMIC_H.c.o   -c /Users/adamspindler/Developer/DeepLearningSecurity/Project/crypto_implementations/virgil-crypto-c/CMakeFiles/CheckIncludeFiles/VSCR_HAVE_STDATOMIC_H.c
Linking C executable cmTC_f075c
/usr/local/Cellar/cmake/3.13.2/bin/cmake -E cmake_link_script CMakeFiles/cmTC_f075c.dir/link.txt --verbose=1
/Applications/Xcode.app/Contents/Developer/Toolchains/XcodeDefault.xctoolchain/usr/bin/cc   -isysroot /Applications/Xcode.app/Contents/Developer/Platforms/MacOSX.platform/Developer/SDKs/MacOSX11.1.sdk -Wl,-search_paths_first -Wl,-headerpad_max_install_names   CMakeFiles/cmTC_f075c.dir/VSCR_HAVE_STDATOMIC_H.c.o  -o cmTC_f075c 


Determining if files assert.h exist passed with the following output:
Change Dir: /Users/adamspindler/Developer/DeepLearningSecurity/Project/crypto_implementations/virgil-crypto-c/CMakeFiles/CMakeTmp

Run Build Command:"/usr/bin/make" "cmTC_a4705/fast"
/Applications/Xcode.app/Contents/Developer/usr/bin/make -f CMakeFiles/cmTC_a4705.dir/build.make CMakeFiles/cmTC_a4705.dir/build
Building C object CMakeFiles/cmTC_a4705.dir/VSCE_HAVE_ASSERT_H.c.o
/Applications/Xcode.app/Contents/Developer/Toolchains/XcodeDefault.xctoolchain/usr/bin/cc   -isysroot /Applications/Xcode.app/Contents/Developer/Platforms/MacOSX.platform/Developer/SDKs/MacOSX11.1.sdk -fPIE   -o CMakeFiles/cmTC_a4705.dir/VSCE_HAVE_ASSERT_H.c.o   -c /Users/adamspindler/Developer/DeepLearningSecurity/Project/crypto_implementations/virgil-crypto-c/CMakeFiles/CheckIncludeFiles/VSCE_HAVE_ASSERT_H.c
Linking C executable cmTC_a4705
/usr/local/Cellar/cmake/3.13.2/bin/cmake -E cmake_link_script CMakeFiles/cmTC_a4705.dir/link.txt --verbose=1
/Applications/Xcode.app/Contents/Developer/Toolchains/XcodeDefault.xctoolchain/usr/bin/cc   -isysroot /Applications/Xcode.app/Contents/Developer/Platforms/MacOSX.platform/Developer/SDKs/MacOSX11.1.sdk -Wl,-search_paths_first -Wl,-headerpad_max_install_names   CMakeFiles/cmTC_a4705.dir/VSCE_HAVE_ASSERT_H.c.o  -o cmTC_a4705 


Determining if files stdatomic.h exist passed with the following output:
Change Dir: /Users/adamspindler/Developer/DeepLearningSecurity/Project/crypto_implementations/virgil-crypto-c/CMakeFiles/CMakeTmp

Run Build Command:"/usr/bin/make" "cmTC_2e011/fast"
/Applications/Xcode.app/Contents/Developer/usr/bin/make -f CMakeFiles/cmTC_2e011.dir/build.make CMakeFiles/cmTC_2e011.dir/build
Building C object CMakeFiles/cmTC_2e011.dir/VSCE_HAVE_STDATOMIC_H.c.o
/Applications/Xcode.app/Contents/Developer/Toolchains/XcodeDefault.xctoolchain/usr/bin/cc   -isysroot /Applications/Xcode.app/Contents/Developer/Platforms/MacOSX.platform/Developer/SDKs/MacOSX11.1.sdk -fPIE   -o CMakeFiles/cmTC_2e011.dir/VSCE_HAVE_STDATOMIC_H.c.o   -c /Users/adamspindler/Developer/DeepLearningSecurity/Project/crypto_implementations/virgil-crypto-c/CMakeFiles/CheckIncludeFiles/VSCE_HAVE_STDATOMIC_H.c
Linking C executable cmTC_2e011
/usr/local/Cellar/cmake/3.13.2/bin/cmake -E cmake_link_script CMakeFiles/cmTC_2e011.dir/link.txt --verbose=1
/Applications/Xcode.app/Contents/Developer/Toolchains/XcodeDefault.xctoolchain/usr/bin/cc   -isysroot /Applications/Xcode.app/Contents/Developer/Platforms/MacOSX.platform/Developer/SDKs/MacOSX11.1.sdk -Wl,-search_paths_first -Wl,-headerpad_max_install_names   CMakeFiles/cmTC_2e011.dir/VSCE_HAVE_STDATOMIC_H.c.o  -o cmTC_2e011 


Determining if the include file pthread.h exists passed with the following output:
Change Dir: /Users/adamspindler/Developer/DeepLearningSecurity/Project/crypto_implementations/virgil-crypto-c/CMakeFiles/CMakeTmp

Run Build Command:"/usr/bin/make" "cmTC_f195a/fast"
/Applications/Xcode.app/Contents/Developer/usr/bin/make -f CMakeFiles/cmTC_f195a.dir/build.make CMakeFiles/cmTC_f195a.dir/build
Building C object CMakeFiles/cmTC_f195a.dir/CheckIncludeFile.c.o
/Applications/Xcode.app/Contents/Developer/Toolchains/XcodeDefault.xctoolchain/usr/bin/cc   -isysroot /Applications/Xcode.app/Contents/Developer/Platforms/MacOSX.platform/Developer/SDKs/MacOSX11.1.sdk -fPIE   -o CMakeFiles/cmTC_f195a.dir/CheckIncludeFile.c.o   -c /Users/adamspindler/Developer/DeepLearningSecurity/Project/crypto_implementations/virgil-crypto-c/CMakeFiles/CMakeTmp/CheckIncludeFile.c
Linking C executable cmTC_f195a
/usr/local/Cellar/cmake/3.13.2/bin/cmake -E cmake_link_script CMakeFiles/cmTC_f195a.dir/link.txt --verbose=1
/Applications/Xcode.app/Contents/Developer/Toolchains/XcodeDefault.xctoolchain/usr/bin/cc   -isysroot /Applications/Xcode.app/Contents/Developer/Platforms/MacOSX.platform/Developer/SDKs/MacOSX11.1.sdk -Wl,-search_paths_first -Wl,-headerpad_max_install_names   CMakeFiles/cmTC_f195a.dir/CheckIncludeFile.c.o  -o cmTC_f195a 


Determining if the pthread_create exist passed with the following output:
Change Dir: /Users/adamspindler/Developer/DeepLearningSecurity/Project/crypto_implementations/virgil-crypto-c/CMakeFiles/CMakeTmp

Run Build Command:"/usr/bin/make" "cmTC_2f4c6/fast"
/Applications/Xcode.app/Contents/Developer/usr/bin/make -f CMakeFiles/cmTC_2f4c6.dir/build.make CMakeFiles/cmTC_2f4c6.dir/build
Building C object CMakeFiles/cmTC_2f4c6.dir/CheckSymbolExists.c.o
/Applications/Xcode.app/Contents/Developer/Toolchains/XcodeDefault.xctoolchain/usr/bin/cc   -isysroot /Applications/Xcode.app/Contents/Developer/Platforms/MacOSX.platform/Developer/SDKs/MacOSX11.1.sdk -fPIE   -o CMakeFiles/cmTC_2f4c6.dir/CheckSymbolExists.c.o   -c /Users/adamspindler/Developer/DeepLearningSecurity/Project/crypto_implementations/virgil-crypto-c/CMakeFiles/CMakeTmp/CheckSymbolExists.c
Linking C executable cmTC_2f4c6
/usr/local/Cellar/cmake/3.13.2/bin/cmake -E cmake_link_script CMakeFiles/cmTC_2f4c6.dir/link.txt --verbose=1
/Applications/Xcode.app/Contents/Developer/Toolchains/XcodeDefault.xctoolchain/usr/bin/cc   -isysroot /Applications/Xcode.app/Contents/Developer/Platforms/MacOSX.platform/Developer/SDKs/MacOSX11.1.sdk -Wl,-search_paths_first -Wl,-headerpad_max_install_names   CMakeFiles/cmTC_2f4c6.dir/CheckSymbolExists.c.o  -o cmTC_2f4c6 

File /Users/adamspindler/Developer/DeepLearningSecurity/Project/crypto_implementations/virgil-crypto-c/CMakeFiles/CMakeTmp/CheckSymbolExists.c:
/* */
#include <pthread.h>

int main(int argc, char** argv)
{
  (void)argv;
#ifndef pthread_create
  return ((int*)(&pthread_create))[argc];
#else
  (void)argc;
  return 0;
#endif
}

